[2024-05-17T00:00:06.642+0000] {processor.py:161} INFO - Started process (PID=858) to work on /opt/airflow/dags/api_kafka_dag.py
[2024-05-17T00:00:06.643+0000] {processor.py:830} INFO - Processing file /opt/airflow/dags/api_kafka_dag.py for tasks to queue
[2024-05-17T00:00:06.645+0000] {logging_mixin.py:188} INFO - [2024-05-17T00:00:06.645+0000] {dagbag.py:540} INFO - Filling up the DagBag from /opt/airflow/dags/api_kafka_dag.py
[2024-05-17T00:00:06.667+0000] {processor.py:840} INFO - DAG(s) 'user_processing' retrieved from /opt/airflow/dags/api_kafka_dag.py
[2024-05-17T00:00:06.705+0000] {logging_mixin.py:188} INFO - [2024-05-17T00:00:06.705+0000] {dag.py:3096} INFO - Sync 1 DAGs
[2024-05-17T00:00:06.746+0000] {logging_mixin.py:188} INFO - [2024-05-17T00:00:06.745+0000] {dag.py:3954} INFO - Setting next_dagrun for user_processing to 2024-05-16 00:00:00+00:00, run_after=2024-05-17 00:00:00+00:00
[2024-05-17T00:00:06.782+0000] {processor.py:183} INFO - Processing /opt/airflow/dags/api_kafka_dag.py took 0.148 seconds
[2024-05-17T00:00:36.848+0000] {processor.py:161} INFO - Started process (PID=865) to work on /opt/airflow/dags/api_kafka_dag.py
[2024-05-17T00:00:36.850+0000] {processor.py:830} INFO - Processing file /opt/airflow/dags/api_kafka_dag.py for tasks to queue
[2024-05-17T00:00:36.852+0000] {logging_mixin.py:188} INFO - [2024-05-17T00:00:36.852+0000] {dagbag.py:540} INFO - Filling up the DagBag from /opt/airflow/dags/api_kafka_dag.py
[2024-05-17T00:00:36.870+0000] {processor.py:840} INFO - DAG(s) 'user_processing' retrieved from /opt/airflow/dags/api_kafka_dag.py
[2024-05-17T00:00:36.925+0000] {logging_mixin.py:188} INFO - [2024-05-17T00:00:36.925+0000] {dag.py:3096} INFO - Sync 1 DAGs
[2024-05-17T00:00:36.992+0000] {logging_mixin.py:188} INFO - [2024-05-17T00:00:36.991+0000] {dag.py:3954} INFO - Setting next_dagrun for user_processing to 2024-05-16 00:00:00+00:00, run_after=2024-05-17 00:00:00+00:00
[2024-05-17T00:00:37.031+0000] {processor.py:183} INFO - Processing /opt/airflow/dags/api_kafka_dag.py took 0.192 seconds
[2024-05-17T00:01:07.235+0000] {processor.py:161} INFO - Started process (PID=872) to work on /opt/airflow/dags/api_kafka_dag.py
[2024-05-17T00:01:07.238+0000] {processor.py:830} INFO - Processing file /opt/airflow/dags/api_kafka_dag.py for tasks to queue
[2024-05-17T00:01:07.241+0000] {logging_mixin.py:188} INFO - [2024-05-17T00:01:07.240+0000] {dagbag.py:540} INFO - Filling up the DagBag from /opt/airflow/dags/api_kafka_dag.py
[2024-05-17T00:01:07.257+0000] {processor.py:840} INFO - DAG(s) 'user_processing' retrieved from /opt/airflow/dags/api_kafka_dag.py
[2024-05-17T00:01:07.305+0000] {logging_mixin.py:188} INFO - [2024-05-17T00:01:07.305+0000] {dag.py:3096} INFO - Sync 1 DAGs
[2024-05-17T00:01:07.367+0000] {logging_mixin.py:188} INFO - [2024-05-17T00:01:07.367+0000] {dag.py:3954} INFO - Setting next_dagrun for user_processing to 2024-05-16 00:00:00+00:00, run_after=2024-05-17 00:00:00+00:00
[2024-05-17T00:01:07.409+0000] {processor.py:183} INFO - Processing /opt/airflow/dags/api_kafka_dag.py took 0.187 seconds
[2024-05-17T00:01:37.636+0000] {processor.py:161} INFO - Started process (PID=879) to work on /opt/airflow/dags/api_kafka_dag.py
[2024-05-17T00:01:37.640+0000] {processor.py:830} INFO - Processing file /opt/airflow/dags/api_kafka_dag.py for tasks to queue
[2024-05-17T00:01:37.646+0000] {logging_mixin.py:188} INFO - [2024-05-17T00:01:37.645+0000] {dagbag.py:540} INFO - Filling up the DagBag from /opt/airflow/dags/api_kafka_dag.py
[2024-05-17T00:01:37.683+0000] {processor.py:840} INFO - DAG(s) 'user_processing' retrieved from /opt/airflow/dags/api_kafka_dag.py
[2024-05-17T00:01:37.817+0000] {logging_mixin.py:188} INFO - [2024-05-17T00:01:37.816+0000] {dag.py:3096} INFO - Sync 1 DAGs
[2024-05-17T00:01:37.931+0000] {logging_mixin.py:188} INFO - [2024-05-17T00:01:37.930+0000] {dag.py:3954} INFO - Setting next_dagrun for user_processing to 2024-05-16 00:00:00+00:00, run_after=2024-05-17 00:00:00+00:00
[2024-05-17T00:01:38.002+0000] {processor.py:183} INFO - Processing /opt/airflow/dags/api_kafka_dag.py took 0.386 seconds
[2024-05-17T00:02:08.225+0000] {processor.py:161} INFO - Started process (PID=886) to work on /opt/airflow/dags/api_kafka_dag.py
[2024-05-17T00:02:08.228+0000] {processor.py:830} INFO - Processing file /opt/airflow/dags/api_kafka_dag.py for tasks to queue
[2024-05-17T00:02:08.231+0000] {logging_mixin.py:188} INFO - [2024-05-17T00:02:08.231+0000] {dagbag.py:540} INFO - Filling up the DagBag from /opt/airflow/dags/api_kafka_dag.py
[2024-05-17T00:02:08.260+0000] {processor.py:840} INFO - DAG(s) 'user_processing' retrieved from /opt/airflow/dags/api_kafka_dag.py
[2024-05-17T00:02:08.315+0000] {logging_mixin.py:188} INFO - [2024-05-17T00:02:08.314+0000] {dag.py:3096} INFO - Sync 1 DAGs
[2024-05-17T00:02:08.369+0000] {logging_mixin.py:188} INFO - [2024-05-17T00:02:08.369+0000] {dag.py:3954} INFO - Setting next_dagrun for user_processing to 2024-05-16 00:00:00+00:00, run_after=2024-05-17 00:00:00+00:00
[2024-05-17T00:02:08.420+0000] {processor.py:183} INFO - Processing /opt/airflow/dags/api_kafka_dag.py took 0.207 seconds
[2024-05-17T00:02:38.650+0000] {processor.py:161} INFO - Started process (PID=894) to work on /opt/airflow/dags/api_kafka_dag.py
[2024-05-17T00:02:38.653+0000] {processor.py:830} INFO - Processing file /opt/airflow/dags/api_kafka_dag.py for tasks to queue
[2024-05-17T00:02:38.658+0000] {logging_mixin.py:188} INFO - [2024-05-17T00:02:38.657+0000] {dagbag.py:540} INFO - Filling up the DagBag from /opt/airflow/dags/api_kafka_dag.py
[2024-05-17T00:02:38.678+0000] {processor.py:840} INFO - DAG(s) 'user_processing' retrieved from /opt/airflow/dags/api_kafka_dag.py
[2024-05-17T00:02:38.730+0000] {logging_mixin.py:188} INFO - [2024-05-17T00:02:38.730+0000] {dag.py:3096} INFO - Sync 1 DAGs
[2024-05-17T00:02:38.791+0000] {logging_mixin.py:188} INFO - [2024-05-17T00:02:38.790+0000] {dag.py:3954} INFO - Setting next_dagrun for user_processing to 2024-05-16 00:00:00+00:00, run_after=2024-05-17 00:00:00+00:00
[2024-05-17T00:02:38.836+0000] {processor.py:183} INFO - Processing /opt/airflow/dags/api_kafka_dag.py took 0.197 seconds
[2024-05-17T00:03:08.883+0000] {processor.py:161} INFO - Started process (PID=901) to work on /opt/airflow/dags/api_kafka_dag.py
[2024-05-17T00:03:08.885+0000] {processor.py:830} INFO - Processing file /opt/airflow/dags/api_kafka_dag.py for tasks to queue
[2024-05-17T00:03:08.889+0000] {logging_mixin.py:188} INFO - [2024-05-17T00:03:08.888+0000] {dagbag.py:540} INFO - Filling up the DagBag from /opt/airflow/dags/api_kafka_dag.py
[2024-05-17T00:03:08.918+0000] {processor.py:840} INFO - DAG(s) 'user_processing' retrieved from /opt/airflow/dags/api_kafka_dag.py
[2024-05-17T00:03:09.015+0000] {logging_mixin.py:188} INFO - [2024-05-17T00:03:09.014+0000] {dag.py:3096} INFO - Sync 1 DAGs
[2024-05-17T00:03:09.141+0000] {logging_mixin.py:188} INFO - [2024-05-17T00:03:09.139+0000] {dag.py:3954} INFO - Setting next_dagrun for user_processing to 2024-05-16 00:00:00+00:00, run_after=2024-05-17 00:00:00+00:00
[2024-05-17T00:03:09.240+0000] {processor.py:183} INFO - Processing /opt/airflow/dags/api_kafka_dag.py took 0.363 seconds
[2024-05-17T00:03:39.299+0000] {processor.py:161} INFO - Started process (PID=908) to work on /opt/airflow/dags/api_kafka_dag.py
[2024-05-17T00:03:39.301+0000] {processor.py:830} INFO - Processing file /opt/airflow/dags/api_kafka_dag.py for tasks to queue
[2024-05-17T00:03:39.303+0000] {logging_mixin.py:188} INFO - [2024-05-17T00:03:39.302+0000] {dagbag.py:540} INFO - Filling up the DagBag from /opt/airflow/dags/api_kafka_dag.py
[2024-05-17T00:03:39.320+0000] {processor.py:840} INFO - DAG(s) 'user_processing' retrieved from /opt/airflow/dags/api_kafka_dag.py
[2024-05-17T00:03:39.377+0000] {logging_mixin.py:188} INFO - [2024-05-17T00:03:39.377+0000] {dag.py:3096} INFO - Sync 1 DAGs
[2024-05-17T00:03:39.465+0000] {logging_mixin.py:188} INFO - [2024-05-17T00:03:39.464+0000] {dag.py:3954} INFO - Setting next_dagrun for user_processing to 2024-05-16 00:00:00+00:00, run_after=2024-05-17 00:00:00+00:00
[2024-05-17T00:03:39.527+0000] {processor.py:183} INFO - Processing /opt/airflow/dags/api_kafka_dag.py took 0.236 seconds
[2024-05-17T00:04:09.825+0000] {processor.py:161} INFO - Started process (PID=916) to work on /opt/airflow/dags/api_kafka_dag.py
[2024-05-17T00:04:09.829+0000] {processor.py:830} INFO - Processing file /opt/airflow/dags/api_kafka_dag.py for tasks to queue
[2024-05-17T00:04:09.842+0000] {logging_mixin.py:188} INFO - [2024-05-17T00:04:09.841+0000] {dagbag.py:540} INFO - Filling up the DagBag from /opt/airflow/dags/api_kafka_dag.py
[2024-05-17T00:04:09.885+0000] {processor.py:840} INFO - DAG(s) 'user_processing' retrieved from /opt/airflow/dags/api_kafka_dag.py
[2024-05-17T00:04:10.095+0000] {logging_mixin.py:188} INFO - [2024-05-17T00:04:10.093+0000] {dag.py:3096} INFO - Sync 1 DAGs
[2024-05-17T00:04:10.263+0000] {logging_mixin.py:188} INFO - [2024-05-17T00:04:10.261+0000] {dag.py:3954} INFO - Setting next_dagrun for user_processing to 2024-05-16 00:00:00+00:00, run_after=2024-05-17 00:00:00+00:00
[2024-05-17T00:04:10.375+0000] {processor.py:183} INFO - Processing /opt/airflow/dags/api_kafka_dag.py took 0.598 seconds
[2024-05-17T00:04:40.745+0000] {processor.py:161} INFO - Started process (PID=924) to work on /opt/airflow/dags/api_kafka_dag.py
[2024-05-17T00:04:40.747+0000] {processor.py:830} INFO - Processing file /opt/airflow/dags/api_kafka_dag.py for tasks to queue
[2024-05-17T00:04:40.750+0000] {logging_mixin.py:188} INFO - [2024-05-17T00:04:40.750+0000] {dagbag.py:540} INFO - Filling up the DagBag from /opt/airflow/dags/api_kafka_dag.py
[2024-05-17T00:04:40.790+0000] {processor.py:840} INFO - DAG(s) 'user_processing' retrieved from /opt/airflow/dags/api_kafka_dag.py
[2024-05-17T00:04:40.880+0000] {logging_mixin.py:188} INFO - [2024-05-17T00:04:40.879+0000] {dag.py:3096} INFO - Sync 1 DAGs
[2024-05-17T00:04:40.970+0000] {logging_mixin.py:188} INFO - [2024-05-17T00:04:40.967+0000] {dag.py:3954} INFO - Setting next_dagrun for user_processing to 2024-05-16 00:00:00+00:00, run_after=2024-05-17 00:00:00+00:00
[2024-05-17T00:04:41.097+0000] {processor.py:183} INFO - Processing /opt/airflow/dags/api_kafka_dag.py took 0.363 seconds
[2024-05-17T00:05:11.423+0000] {processor.py:161} INFO - Started process (PID=931) to work on /opt/airflow/dags/api_kafka_dag.py
[2024-05-17T00:05:11.424+0000] {processor.py:830} INFO - Processing file /opt/airflow/dags/api_kafka_dag.py for tasks to queue
[2024-05-17T00:05:11.433+0000] {logging_mixin.py:188} INFO - [2024-05-17T00:05:11.430+0000] {dagbag.py:540} INFO - Filling up the DagBag from /opt/airflow/dags/api_kafka_dag.py
[2024-05-17T00:05:11.464+0000] {processor.py:840} INFO - DAG(s) 'user_processing' retrieved from /opt/airflow/dags/api_kafka_dag.py
[2024-05-17T00:05:11.579+0000] {logging_mixin.py:188} INFO - [2024-05-17T00:05:11.578+0000] {dag.py:3096} INFO - Sync 1 DAGs
[2024-05-17T00:05:11.685+0000] {logging_mixin.py:188} INFO - [2024-05-17T00:05:11.683+0000] {dag.py:3954} INFO - Setting next_dagrun for user_processing to 2024-05-16 00:00:00+00:00, run_after=2024-05-17 00:00:00+00:00
[2024-05-17T00:05:11.759+0000] {processor.py:183} INFO - Processing /opt/airflow/dags/api_kafka_dag.py took 0.359 seconds
[2024-05-17T00:05:42.176+0000] {processor.py:161} INFO - Started process (PID=938) to work on /opt/airflow/dags/api_kafka_dag.py
[2024-05-17T00:05:42.198+0000] {processor.py:830} INFO - Processing file /opt/airflow/dags/api_kafka_dag.py for tasks to queue
[2024-05-17T00:05:42.204+0000] {logging_mixin.py:188} INFO - [2024-05-17T00:05:42.202+0000] {dagbag.py:540} INFO - Filling up the DagBag from /opt/airflow/dags/api_kafka_dag.py
[2024-05-17T00:05:42.314+0000] {processor.py:840} INFO - DAG(s) 'user_processing' retrieved from /opt/airflow/dags/api_kafka_dag.py
[2024-05-17T00:05:42.503+0000] {logging_mixin.py:188} INFO - [2024-05-17T00:05:42.501+0000] {dag.py:3096} INFO - Sync 1 DAGs
[2024-05-17T00:05:42.670+0000] {logging_mixin.py:188} INFO - [2024-05-17T00:05:42.669+0000] {dag.py:3954} INFO - Setting next_dagrun for user_processing to 2024-05-16 00:00:00+00:00, run_after=2024-05-17 00:00:00+00:00
[2024-05-17T00:05:42.853+0000] {processor.py:183} INFO - Processing /opt/airflow/dags/api_kafka_dag.py took 0.735 seconds
[2024-05-17T00:06:13.089+0000] {processor.py:161} INFO - Started process (PID=946) to work on /opt/airflow/dags/api_kafka_dag.py
[2024-05-17T00:06:13.093+0000] {processor.py:830} INFO - Processing file /opt/airflow/dags/api_kafka_dag.py for tasks to queue
[2024-05-17T00:06:13.098+0000] {logging_mixin.py:188} INFO - [2024-05-17T00:06:13.097+0000] {dagbag.py:540} INFO - Filling up the DagBag from /opt/airflow/dags/api_kafka_dag.py
[2024-05-17T00:06:13.160+0000] {processor.py:840} INFO - DAG(s) 'user_processing' retrieved from /opt/airflow/dags/api_kafka_dag.py
[2024-05-17T00:06:13.277+0000] {logging_mixin.py:188} INFO - [2024-05-17T00:06:13.276+0000] {dag.py:3096} INFO - Sync 1 DAGs
[2024-05-17T00:06:13.441+0000] {logging_mixin.py:188} INFO - [2024-05-17T00:06:13.439+0000] {dag.py:3954} INFO - Setting next_dagrun for user_processing to 2024-05-16 00:00:00+00:00, run_after=2024-05-17 00:00:00+00:00
[2024-05-17T00:06:13.532+0000] {processor.py:183} INFO - Processing /opt/airflow/dags/api_kafka_dag.py took 0.461 seconds
[2024-05-17T00:06:43.886+0000] {processor.py:161} INFO - Started process (PID=953) to work on /opt/airflow/dags/api_kafka_dag.py
[2024-05-17T00:06:43.889+0000] {processor.py:830} INFO - Processing file /opt/airflow/dags/api_kafka_dag.py for tasks to queue
[2024-05-17T00:06:43.896+0000] {logging_mixin.py:188} INFO - [2024-05-17T00:06:43.895+0000] {dagbag.py:540} INFO - Filling up the DagBag from /opt/airflow/dags/api_kafka_dag.py
[2024-05-17T00:06:43.926+0000] {processor.py:840} INFO - DAG(s) 'user_processing' retrieved from /opt/airflow/dags/api_kafka_dag.py
[2024-05-17T00:06:44.053+0000] {logging_mixin.py:188} INFO - [2024-05-17T00:06:44.052+0000] {dag.py:3096} INFO - Sync 1 DAGs
[2024-05-17T00:06:44.170+0000] {logging_mixin.py:188} INFO - [2024-05-17T00:06:44.169+0000] {dag.py:3954} INFO - Setting next_dagrun for user_processing to 2024-05-16 00:00:00+00:00, run_after=2024-05-17 00:00:00+00:00
[2024-05-17T00:06:44.250+0000] {processor.py:183} INFO - Processing /opt/airflow/dags/api_kafka_dag.py took 0.385 seconds
[2024-05-17T00:07:14.648+0000] {processor.py:161} INFO - Started process (PID=960) to work on /opt/airflow/dags/api_kafka_dag.py
[2024-05-17T00:07:14.649+0000] {processor.py:830} INFO - Processing file /opt/airflow/dags/api_kafka_dag.py for tasks to queue
[2024-05-17T00:07:14.653+0000] {logging_mixin.py:188} INFO - [2024-05-17T00:07:14.652+0000] {dagbag.py:540} INFO - Filling up the DagBag from /opt/airflow/dags/api_kafka_dag.py
[2024-05-17T00:07:14.676+0000] {processor.py:840} INFO - DAG(s) 'user_processing' retrieved from /opt/airflow/dags/api_kafka_dag.py
[2024-05-17T00:07:14.754+0000] {logging_mixin.py:188} INFO - [2024-05-17T00:07:14.753+0000] {dag.py:3096} INFO - Sync 1 DAGs
[2024-05-17T00:07:14.882+0000] {logging_mixin.py:188} INFO - [2024-05-17T00:07:14.881+0000] {dag.py:3954} INFO - Setting next_dagrun for user_processing to 2024-05-16 00:00:00+00:00, run_after=2024-05-17 00:00:00+00:00
[2024-05-17T00:07:14.999+0000] {processor.py:183} INFO - Processing /opt/airflow/dags/api_kafka_dag.py took 0.363 seconds
[2024-05-17T00:07:45.513+0000] {processor.py:161} INFO - Started process (PID=967) to work on /opt/airflow/dags/api_kafka_dag.py
[2024-05-17T00:07:45.516+0000] {processor.py:830} INFO - Processing file /opt/airflow/dags/api_kafka_dag.py for tasks to queue
[2024-05-17T00:07:45.522+0000] {logging_mixin.py:188} INFO - [2024-05-17T00:07:45.521+0000] {dagbag.py:540} INFO - Filling up the DagBag from /opt/airflow/dags/api_kafka_dag.py
[2024-05-17T00:07:45.591+0000] {processor.py:840} INFO - DAG(s) 'user_processing' retrieved from /opt/airflow/dags/api_kafka_dag.py
[2024-05-17T00:07:45.776+0000] {logging_mixin.py:188} INFO - [2024-05-17T00:07:45.775+0000] {dag.py:3096} INFO - Sync 1 DAGs
[2024-05-17T00:07:46.120+0000] {logging_mixin.py:188} INFO - [2024-05-17T00:07:46.118+0000] {dag.py:3954} INFO - Setting next_dagrun for user_processing to 2024-05-16 00:00:00+00:00, run_after=2024-05-17 00:00:00+00:00
[2024-05-17T00:07:46.261+0000] {processor.py:183} INFO - Processing /opt/airflow/dags/api_kafka_dag.py took 0.771 seconds
[2024-05-17T00:08:16.728+0000] {processor.py:161} INFO - Started process (PID=974) to work on /opt/airflow/dags/api_kafka_dag.py
[2024-05-17T00:08:16.734+0000] {processor.py:830} INFO - Processing file /opt/airflow/dags/api_kafka_dag.py for tasks to queue
[2024-05-17T00:08:16.757+0000] {logging_mixin.py:188} INFO - [2024-05-17T00:08:16.742+0000] {dagbag.py:540} INFO - Filling up the DagBag from /opt/airflow/dags/api_kafka_dag.py
[2024-05-17T00:08:16.854+0000] {processor.py:840} INFO - DAG(s) 'user_processing' retrieved from /opt/airflow/dags/api_kafka_dag.py
[2024-05-17T00:08:17.078+0000] {logging_mixin.py:188} INFO - [2024-05-17T00:08:17.075+0000] {dag.py:3096} INFO - Sync 1 DAGs
[2024-05-17T00:08:17.379+0000] {logging_mixin.py:188} INFO - [2024-05-17T00:08:17.376+0000] {dag.py:3954} INFO - Setting next_dagrun for user_processing to 2024-05-16 00:00:00+00:00, run_after=2024-05-17 00:00:00+00:00
[2024-05-17T00:08:17.669+0000] {processor.py:183} INFO - Processing /opt/airflow/dags/api_kafka_dag.py took 1.003 seconds
[2024-05-17T00:08:48.323+0000] {processor.py:161} INFO - Started process (PID=981) to work on /opt/airflow/dags/api_kafka_dag.py
[2024-05-17T00:08:48.327+0000] {processor.py:830} INFO - Processing file /opt/airflow/dags/api_kafka_dag.py for tasks to queue
[2024-05-17T00:08:48.334+0000] {logging_mixin.py:188} INFO - [2024-05-17T00:08:48.332+0000] {dagbag.py:540} INFO - Filling up the DagBag from /opt/airflow/dags/api_kafka_dag.py
[2024-05-17T00:08:48.378+0000] {processor.py:840} INFO - DAG(s) 'user_processing' retrieved from /opt/airflow/dags/api_kafka_dag.py
[2024-05-17T00:08:48.531+0000] {logging_mixin.py:188} INFO - [2024-05-17T00:08:48.528+0000] {dag.py:3096} INFO - Sync 1 DAGs
[2024-05-17T00:08:48.712+0000] {logging_mixin.py:188} INFO - [2024-05-17T00:08:48.710+0000] {dag.py:3954} INFO - Setting next_dagrun for user_processing to 2024-05-16 00:00:00+00:00, run_after=2024-05-17 00:00:00+00:00
[2024-05-17T00:08:48.848+0000] {processor.py:183} INFO - Processing /opt/airflow/dags/api_kafka_dag.py took 0.554 seconds
[2024-05-17T00:09:19.220+0000] {processor.py:161} INFO - Started process (PID=988) to work on /opt/airflow/dags/api_kafka_dag.py
[2024-05-17T00:09:19.223+0000] {processor.py:830} INFO - Processing file /opt/airflow/dags/api_kafka_dag.py for tasks to queue
[2024-05-17T00:09:19.225+0000] {logging_mixin.py:188} INFO - [2024-05-17T00:09:19.224+0000] {dagbag.py:540} INFO - Filling up the DagBag from /opt/airflow/dags/api_kafka_dag.py
[2024-05-17T00:09:19.243+0000] {processor.py:840} INFO - DAG(s) 'user_processing' retrieved from /opt/airflow/dags/api_kafka_dag.py
[2024-05-17T00:09:19.290+0000] {logging_mixin.py:188} INFO - [2024-05-17T00:09:19.289+0000] {dag.py:3096} INFO - Sync 1 DAGs
[2024-05-17T00:09:19.335+0000] {logging_mixin.py:188} INFO - [2024-05-17T00:09:19.334+0000] {dag.py:3954} INFO - Setting next_dagrun for user_processing to 2024-05-16 00:00:00+00:00, run_after=2024-05-17 00:00:00+00:00
[2024-05-17T00:09:19.379+0000] {processor.py:183} INFO - Processing /opt/airflow/dags/api_kafka_dag.py took 0.173 seconds
[2024-05-17T00:09:49.554+0000] {processor.py:161} INFO - Started process (PID=995) to work on /opt/airflow/dags/api_kafka_dag.py
[2024-05-17T00:09:49.561+0000] {processor.py:830} INFO - Processing file /opt/airflow/dags/api_kafka_dag.py for tasks to queue
[2024-05-17T00:09:49.567+0000] {logging_mixin.py:188} INFO - [2024-05-17T00:09:49.566+0000] {dagbag.py:540} INFO - Filling up the DagBag from /opt/airflow/dags/api_kafka_dag.py
[2024-05-17T00:09:49.603+0000] {processor.py:840} INFO - DAG(s) 'user_processing' retrieved from /opt/airflow/dags/api_kafka_dag.py
[2024-05-17T00:09:49.732+0000] {logging_mixin.py:188} INFO - [2024-05-17T00:09:49.730+0000] {dag.py:3096} INFO - Sync 1 DAGs
[2024-05-17T00:09:49.896+0000] {logging_mixin.py:188} INFO - [2024-05-17T00:09:49.896+0000] {dag.py:3954} INFO - Setting next_dagrun for user_processing to 2024-05-16 00:00:00+00:00, run_after=2024-05-17 00:00:00+00:00
[2024-05-17T00:09:50.046+0000] {processor.py:183} INFO - Processing /opt/airflow/dags/api_kafka_dag.py took 0.520 seconds
[2024-05-17T00:10:20.247+0000] {processor.py:161} INFO - Started process (PID=1002) to work on /opt/airflow/dags/api_kafka_dag.py
[2024-05-17T00:10:20.257+0000] {processor.py:830} INFO - Processing file /opt/airflow/dags/api_kafka_dag.py for tasks to queue
[2024-05-17T00:10:20.268+0000] {logging_mixin.py:188} INFO - [2024-05-17T00:10:20.267+0000] {dagbag.py:540} INFO - Filling up the DagBag from /opt/airflow/dags/api_kafka_dag.py
[2024-05-17T00:10:20.324+0000] {processor.py:840} INFO - DAG(s) 'user_processing' retrieved from /opt/airflow/dags/api_kafka_dag.py
[2024-05-17T00:10:20.534+0000] {logging_mixin.py:188} INFO - [2024-05-17T00:10:20.533+0000] {dag.py:3096} INFO - Sync 1 DAGs
[2024-05-17T00:10:20.771+0000] {logging_mixin.py:188} INFO - [2024-05-17T00:10:20.770+0000] {dag.py:3954} INFO - Setting next_dagrun for user_processing to 2024-05-16 00:00:00+00:00, run_after=2024-05-17 00:00:00+00:00
[2024-05-17T00:10:20.903+0000] {processor.py:183} INFO - Processing /opt/airflow/dags/api_kafka_dag.py took 0.706 seconds
[2024-05-17T00:10:51.106+0000] {processor.py:161} INFO - Started process (PID=1009) to work on /opt/airflow/dags/api_kafka_dag.py
[2024-05-17T00:10:51.109+0000] {processor.py:830} INFO - Processing file /opt/airflow/dags/api_kafka_dag.py for tasks to queue
[2024-05-17T00:10:51.119+0000] {logging_mixin.py:188} INFO - [2024-05-17T00:10:51.118+0000] {dagbag.py:540} INFO - Filling up the DagBag from /opt/airflow/dags/api_kafka_dag.py
[2024-05-17T00:10:51.176+0000] {processor.py:840} INFO - DAG(s) 'user_processing' retrieved from /opt/airflow/dags/api_kafka_dag.py
[2024-05-17T00:10:51.334+0000] {logging_mixin.py:188} INFO - [2024-05-17T00:10:51.333+0000] {dag.py:3096} INFO - Sync 1 DAGs
[2024-05-17T00:10:51.499+0000] {logging_mixin.py:188} INFO - [2024-05-17T00:10:51.495+0000] {dag.py:3954} INFO - Setting next_dagrun for user_processing to 2024-05-16 00:00:00+00:00, run_after=2024-05-17 00:00:00+00:00
[2024-05-17T00:10:51.625+0000] {processor.py:183} INFO - Processing /opt/airflow/dags/api_kafka_dag.py took 0.551 seconds
[2024-05-17T00:11:22.141+0000] {processor.py:161} INFO - Started process (PID=1016) to work on /opt/airflow/dags/api_kafka_dag.py
[2024-05-17T00:11:22.145+0000] {processor.py:830} INFO - Processing file /opt/airflow/dags/api_kafka_dag.py for tasks to queue
[2024-05-17T00:11:22.153+0000] {logging_mixin.py:188} INFO - [2024-05-17T00:11:22.149+0000] {dagbag.py:540} INFO - Filling up the DagBag from /opt/airflow/dags/api_kafka_dag.py
[2024-05-17T00:11:22.207+0000] {processor.py:840} INFO - DAG(s) 'user_processing' retrieved from /opt/airflow/dags/api_kafka_dag.py
[2024-05-17T00:11:22.308+0000] {logging_mixin.py:188} INFO - [2024-05-17T00:11:22.307+0000] {dag.py:3096} INFO - Sync 1 DAGs
[2024-05-17T00:11:22.428+0000] {logging_mixin.py:188} INFO - [2024-05-17T00:11:22.427+0000] {dag.py:3954} INFO - Setting next_dagrun for user_processing to 2024-05-16 00:00:00+00:00, run_after=2024-05-17 00:00:00+00:00
[2024-05-17T00:11:22.495+0000] {processor.py:183} INFO - Processing /opt/airflow/dags/api_kafka_dag.py took 0.375 seconds
[2024-05-17T00:11:52.797+0000] {processor.py:161} INFO - Started process (PID=1024) to work on /opt/airflow/dags/api_kafka_dag.py
[2024-05-17T00:11:52.803+0000] {processor.py:830} INFO - Processing file /opt/airflow/dags/api_kafka_dag.py for tasks to queue
[2024-05-17T00:11:52.859+0000] {logging_mixin.py:188} INFO - [2024-05-17T00:11:52.836+0000] {dagbag.py:540} INFO - Filling up the DagBag from /opt/airflow/dags/api_kafka_dag.py
[2024-05-17T00:11:53.035+0000] {processor.py:840} INFO - DAG(s) 'user_processing' retrieved from /opt/airflow/dags/api_kafka_dag.py
[2024-05-17T00:11:53.297+0000] {logging_mixin.py:188} INFO - [2024-05-17T00:11:53.295+0000] {dag.py:3096} INFO - Sync 1 DAGs
[2024-05-17T00:11:53.617+0000] {logging_mixin.py:188} INFO - [2024-05-17T00:11:53.613+0000] {dag.py:3954} INFO - Setting next_dagrun for user_processing to 2024-05-16 00:00:00+00:00, run_after=2024-05-17 00:00:00+00:00
[2024-05-17T00:11:53.755+0000] {processor.py:183} INFO - Processing /opt/airflow/dags/api_kafka_dag.py took 1.047 seconds
