[2024-05-12T16:48:51.423+0000] {processor.py:161} INFO - Started process (PID=1749) to work on /opt/airflow/dags/api_kafka_dag.py
[2024-05-12T16:48:51.424+0000] {processor.py:830} INFO - Processing file /opt/airflow/dags/api_kafka_dag.py for tasks to queue
[2024-05-12T16:48:51.436+0000] {logging_mixin.py:188} INFO - [2024-05-12T16:48:51.435+0000] {dagbag.py:540} INFO - Filling up the DagBag from /opt/airflow/dags/api_kafka_dag.py
[2024-05-12T16:48:51.495+0000] {processor.py:840} INFO - DAG(s) 'user_processing' retrieved from /opt/airflow/dags/api_kafka_dag.py
[2024-05-12T16:48:52.102+0000] {logging_mixin.py:188} INFO - [2024-05-12T16:48:52.101+0000] {override.py:1829} INFO - Created Permission View: can read on DAG:user_processing
[2024-05-12T16:48:52.134+0000] {logging_mixin.py:188} INFO - [2024-05-12T16:48:52.133+0000] {override.py:1829} INFO - Created Permission View: can edit on DAG:user_processing
[2024-05-12T16:48:52.151+0000] {logging_mixin.py:188} INFO - [2024-05-12T16:48:52.150+0000] {override.py:1829} INFO - Created Permission View: can delete on DAG:user_processing
[2024-05-12T16:48:52.153+0000] {logging_mixin.py:188} INFO - [2024-05-12T16:48:52.152+0000] {dag.py:3096} INFO - Sync 1 DAGs
[2024-05-12T16:48:52.183+0000] {logging_mixin.py:188} INFO - [2024-05-12T16:48:52.183+0000] {dag.py:3118} INFO - Creating ORM DAG for user_processing
[2024-05-12T16:48:52.225+0000] {logging_mixin.py:188} INFO - [2024-05-12T16:48:52.225+0000] {dag.py:3954} INFO - Setting next_dagrun for user_processing to 2024-05-11 00:00:00+00:00, run_after=2024-05-12 00:00:00+00:00
[2024-05-12T16:48:52.273+0000] {processor.py:183} INFO - Processing /opt/airflow/dags/api_kafka_dag.py took 0.876 seconds
[2024-05-12T16:49:22.485+0000] {processor.py:161} INFO - Started process (PID=1756) to work on /opt/airflow/dags/api_kafka_dag.py
[2024-05-12T16:49:22.487+0000] {processor.py:830} INFO - Processing file /opt/airflow/dags/api_kafka_dag.py for tasks to queue
[2024-05-12T16:49:22.490+0000] {logging_mixin.py:188} INFO - [2024-05-12T16:49:22.489+0000] {dagbag.py:540} INFO - Filling up the DagBag from /opt/airflow/dags/api_kafka_dag.py
[2024-05-12T16:49:22.503+0000] {processor.py:840} INFO - DAG(s) 'user_processing' retrieved from /opt/airflow/dags/api_kafka_dag.py
[2024-05-12T16:49:22.541+0000] {logging_mixin.py:188} INFO - [2024-05-12T16:49:22.540+0000] {dag.py:3096} INFO - Sync 1 DAGs
[2024-05-12T16:49:22.581+0000] {logging_mixin.py:188} INFO - [2024-05-12T16:49:22.581+0000] {dag.py:3954} INFO - Setting next_dagrun for user_processing to 2024-05-11 00:00:00+00:00, run_after=2024-05-12 00:00:00+00:00
[2024-05-12T16:49:22.618+0000] {processor.py:183} INFO - Processing /opt/airflow/dags/api_kafka_dag.py took 0.140 seconds
[2024-05-12T16:49:52.727+0000] {processor.py:161} INFO - Started process (PID=1763) to work on /opt/airflow/dags/api_kafka_dag.py
[2024-05-12T16:49:52.729+0000] {processor.py:830} INFO - Processing file /opt/airflow/dags/api_kafka_dag.py for tasks to queue
[2024-05-12T16:49:52.731+0000] {logging_mixin.py:188} INFO - [2024-05-12T16:49:52.731+0000] {dagbag.py:540} INFO - Filling up the DagBag from /opt/airflow/dags/api_kafka_dag.py
[2024-05-12T16:49:52.743+0000] {processor.py:840} INFO - DAG(s) 'user_processing' retrieved from /opt/airflow/dags/api_kafka_dag.py
[2024-05-12T16:49:52.777+0000] {logging_mixin.py:188} INFO - [2024-05-12T16:49:52.776+0000] {dag.py:3096} INFO - Sync 1 DAGs
[2024-05-12T16:49:52.814+0000] {logging_mixin.py:188} INFO - [2024-05-12T16:49:52.814+0000] {dag.py:3954} INFO - Setting next_dagrun for user_processing to 2024-05-11 00:00:00+00:00, run_after=2024-05-12 00:00:00+00:00
[2024-05-12T16:49:52.848+0000] {processor.py:183} INFO - Processing /opt/airflow/dags/api_kafka_dag.py took 0.130 seconds
[2024-05-12T16:50:22.995+0000] {processor.py:161} INFO - Started process (PID=1770) to work on /opt/airflow/dags/api_kafka_dag.py
[2024-05-12T16:50:22.998+0000] {processor.py:830} INFO - Processing file /opt/airflow/dags/api_kafka_dag.py for tasks to queue
[2024-05-12T16:50:23.005+0000] {logging_mixin.py:188} INFO - [2024-05-12T16:50:23.004+0000] {dagbag.py:540} INFO - Filling up the DagBag from /opt/airflow/dags/api_kafka_dag.py
[2024-05-12T16:50:23.031+0000] {processor.py:840} INFO - DAG(s) 'user_processing' retrieved from /opt/airflow/dags/api_kafka_dag.py
[2024-05-12T16:50:23.072+0000] {logging_mixin.py:188} INFO - [2024-05-12T16:50:23.072+0000] {dag.py:3096} INFO - Sync 1 DAGs
[2024-05-12T16:50:23.119+0000] {logging_mixin.py:188} INFO - [2024-05-12T16:50:23.118+0000] {dag.py:3954} INFO - Setting next_dagrun for user_processing to 2024-05-11 00:00:00+00:00, run_after=2024-05-12 00:00:00+00:00
[2024-05-12T16:50:23.159+0000] {processor.py:183} INFO - Processing /opt/airflow/dags/api_kafka_dag.py took 0.176 seconds
